C:\USERS\XIAOKE\DROPBOX\RESEARCH\20131205 STORYTELLINGVISUALIZATION\PROGRAM\STORYTELLINGVISUALIZATIONSERVER\SERVERPROJECT\WEBSOCKET\X64\DEBUG\BASE64.OBJ
C:\USERS\XIAOKE\DROPBOX\RESEARCH\20131205 STORYTELLINGVISUALIZATION\PROGRAM\STORYTELLINGVISUALIZATIONSERVER\SERVERPROJECT\WEBSOCKET\X64\DEBUG\SHA1.OBJ
C:\USERS\XIAOKE\DROPBOX\RESEARCH\20131205 STORYTELLINGVISUALIZATION\PROGRAM\STORYTELLINGVISUALIZATIONSERVER\SERVERPROJECT\WEBSOCKET\X64\DEBUG\WEBSOCKETSERVER.OBJ
C:\USERS\XIAOKE\DROPBOX\RESEARCH\20131205 STORYTELLINGVISUALIZATION\PROGRAM\STORYTELLINGVISUALIZATIONSERVER\SERVERPROJECT\WEBSOCKET\X64\DEBUG\VC110.PDB
C:\USERS\YWU\DESKTOP\STVS\SERVERPROJECT\WEBSOCKET\X64\DEBUG\BASE64.OBJ
C:\USERS\YWU\DESKTOP\STVS\SERVERPROJECT\WEBSOCKET\X64\DEBUG\SHA1.OBJ
C:\USERS\YWU\DESKTOP\STVS\SERVERPROJECT\WEBSOCKET\X64\DEBUG\WEBSOCKETSERVER.OBJ
C:\USERS\YWU\DESKTOP\STVS\SERVERPROJECT\WEBSOCKET\X64\DEBUG\VC110.PDB
C:\USERS\XIAOKE\DROPBOX\RESEARCH\20131205 STORYTELLINGVISUALIZATION\PROGRAM\STORYTELLINGVISUALIZATIONSERVER\DLL\WEBSOCKETSERVER.ILK
C:\USERS\XIAOKE\DROPBOX\RESEARCH\20131205 STORYTELLINGVISUALIZATION\PROGRAM\STORYTELLINGVISUALIZATIONSERVER\DLL\WEBSOCKETSERVER.DLL
C:\USERS\XIAOKE\DROPBOX\RESEARCH\20131205 STORYTELLINGVISUALIZATION\PROGRAM\STORYTELLINGVISUALIZATIONSERVER\DLL\WEBSOCKETSERVER.PDB
C:\USERS\YWU\DESKTOP\STVS\DLL\WEBSOCKETSERVER.ILK
C:\USERS\YWU\DESKTOP\STVS\DLL\WEBSOCKETSERVER.DLL
C:\USERS\YWU\DESKTOP\STVS\DLL\WEBSOCKETSERVER.PDB
C:\Users\xiaoke\Dropbox\research\20131205 StoryTellingVisualization\Program\StoryTellingVisualizationServer\dll\websocketserver.lib
C:\Users\xiaoke\Dropbox\research\20131205 StoryTellingVisualization\Program\StoryTellingVisualizationServer\dll\websocketserver.exp
C:\Users\ywu\Desktop\STVS\dll\websocketserver.lib
C:\Users\ywu\Desktop\STVS\dll\websocketserver.exp
C:\Users\ywu\Desktop\STVS\ServerProject\websocket\x64\Debug\base64.obj
C:\Users\ywu\Desktop\STVS\ServerProject\websocket\x64\Debug\sha1.obj
C:\Users\ywu\Desktop\STVS\ServerProject\websocket\x64\Debug\websocketserver.obj
C:\Users\ywu\Desktop\STVS\ServerProject\websocket\x64\Debug\cl.command.1.tlog
C:\Users\ywu\Desktop\STVS\ServerProject\websocket\x64\Debug\CL.read.1.tlog
C:\Users\ywu\Desktop\STVS\ServerProject\websocket\x64\Debug\CL.write.1.tlog
C:\Users\ywu\Desktop\STVS\ServerProject\websocket\x64\Debug\link-cvtres.read.1.tlog
C:\Users\ywu\Desktop\STVS\ServerProject\websocket\x64\Debug\link-cvtres.write.1.tlog
C:\Users\ywu\Desktop\STVS\ServerProject\websocket\x64\Debug\link-rc.read.1.tlog
C:\Users\ywu\Desktop\STVS\ServerProject\websocket\x64\Debug\link-rc.write.1.tlog
C:\Users\ywu\Desktop\STVS\ServerProject\websocket\x64\Debug\link.command.1.tlog
C:\Users\ywu\Desktop\STVS\ServerProject\websocket\x64\Debug\link.read.1.tlog
C:\Users\ywu\Desktop\STVS\ServerProject\websocket\x64\Debug\link.write.1.tlog
C:\Users\ywu\Desktop\STVS\ServerProject\websocket\x64\Debug\websocketserver.write.1.tlog
C:\Users\ywu\Desktop\STVS\ServerProject\websocket\x64\Debug\vc110.idb
C:\Users\ywu\Desktop\STVS\ServerProject\websocket\x64\Debug\vc110.pdb
C:\Users\ywu\Desktop\STVS\ServerProject\\..\dll\websocketserver.pdb
C:\Users\ywu\Desktop\STVS\ServerProject\\..\dll\websocketserver.dll
C:\Users\ywu\Desktop\STVS\ServerProject\\..\dll\websocketserver.ilk
