Build started 2/5/2015 7:42:42 PM.
     1>Project "C:\Users\xiaoke\Dropbox\research\20131205 StoryTellingVisualization\Program\StoryTellingVisualizationServer\ServerProject\websocket\websocket.vcxproj" on node 2 (Rebuild target(s)).
     1>C:\Program Files (x86)\MSBuild\Microsoft.Cpp\v4.0\V110\Microsoft.CppBuild.targets(346,5): warning MSB8004: Output Directory does not end with a trailing slash.  This build instance will add the slash as it is required to allow proper evaluation of the Output Directory.
     1>ClCompile:
         C:\Program Files (x86)\Microsoft Visual Studio 11.0\VC\bin\x86_amd64\CL.exe /c /Zi /nologo /W3 /WX- /O2 /Oi /GL /D WIN32 /D NDEBUG /D _WINDOWS /D _USRDLL /D WEBSOCKET_EXPORTS /D _WINDLL /D _UNICODE /D UNICODE /Gm- /EHsc /MD /GS /Gy /fp:precise /Zc:wchar_t /Zc:forScope /Fo"x64\Release\\" /Fd"x64\Release\vc110.pdb" /Gd /TP /errorReport:prompt ..\..\src\websocket\base64.cpp ..\..\src\websocket\sha1.cpp ..\..\src\websocket\websocketserver.cpp
         base64.cpp
     1>..\..\src\websocket\base64.cpp(96): warning C4267: '=' : conversion from 'size_t' to 'unsigned char', possible loss of data
     1>..\..\src\websocket\base64.cpp(113): warning C4267: '=' : conversion from 'size_t' to 'unsigned char', possible loss of data
         sha1.cpp
         websocketserver.cpp
     1>c:\users\xiaoke\dropbox\research\20131205 storytellingvisualization\program\storytellingvisualizationserver\src\websocket\websocketserver.h(68): warning C4251: 'websocketserver::m_ip' : class 'std::basic_string<_Elem,_Traits,_Alloc>' needs to have dll-interface to be used by clients of class 'websocketserver'
                 with
                 [
                     _Elem=char,
                     _Traits=std::char_traits<char>,
                     _Alloc=std::allocator<char>
                 ]
     1>c:\users\xiaoke\dropbox\research\20131205 storytellingvisualization\program\storytellingvisualizationserver\src\websocket\websocketserver.h(73): warning C4251: 'websocketserver::m_message' : class 'std::basic_string<_Elem,_Traits,_Alloc>' needs to have dll-interface to be used by clients of class 'websocketserver'
                 with
                 [
                     _Elem=char,
                     _Traits=std::char_traits<char>,
                     _Alloc=std::allocator<char>
                 ]
     1>..\..\src\websocket\websocketserver.cpp(44): warning C4267: 'argument' : conversion from 'size_t' to 'int', possible loss of data
     1>..\..\src\websocket\websocketserver.cpp(68): warning C4800: 'BOOL' : forcing value to bool 'true' or 'false' (performance warning)
     1>..\..\src\websocket\websocketserver.cpp(95): warning C4996: 'strcpy': This function or variable may be unsafe. Consider using strcpy_s instead. To disable deprecation, use _CRT_SECURE_NO_WARNINGS. See online help for details.
                 C:\Program Files (x86)\Microsoft Visual Studio 11.0\VC\include\string.h(110) : see declaration of 'strcpy'
     1>..\..\src\websocket\websocketserver.cpp(96): warning C4267: 'initializing' : conversion from 'size_t' to 'int', possible loss of data
     1>..\..\src\websocket\websocketserver.cpp(118): warning C4309: '=' : truncation of constant value
     1>..\..\src\websocket\websocketserver.cpp(148): warning C4800: 'BOOL' : forcing value to bool 'true' or 'false' (performance warning)
     1>..\..\src\websocket\websocketserver.cpp(175): warning C4996: 'strcpy': This function or variable may be unsafe. Consider using strcpy_s instead. To disable deprecation, use _CRT_SECURE_NO_WARNINGS. See online help for details.
                 C:\Program Files (x86)\Microsoft Visual Studio 11.0\VC\include\string.h(110) : see declaration of 'strcpy'
     1>..\..\src\websocket\websocketserver.cpp(176): warning C4267: 'initializing' : conversion from 'size_t' to 'int', possible loss of data
     1>..\..\src\websocket\websocketserver.cpp(199): warning C4309: '=' : truncation of constant value
     1>..\..\src\websocket\websocketserver.cpp(412): warning C4244: '=' : conversion from 'unsigned __int64' to 'int', possible loss of data
     1>..\..\src\websocket\websocketserver.cpp(468): warning C4267: 'initializing' : conversion from 'size_t' to 'int', possible loss of data
     1>..\..\src\websocket\websocketserver.cpp(475): warning C4309: '=' : truncation of constant value
     1>..\..\src\websocket\websocketserver.cpp(482): warning C4309: '=' : truncation of constant value
     1>..\..\src\websocket\websocketserver.cpp(492): warning C4309: '=' : truncation of constant value
       Link:
         C:\Program Files (x86)\Microsoft Visual Studio 11.0\VC\bin\x86_amd64\link.exe /ERRORREPORT:PROMPT /OUT:"C:\Users\xiaoke\Dropbox\research\20131205 StoryTellingVisualization\Program\StoryTellingVisualizationServer\ServerProject\\..\dll\websocketserver.dll" /INCREMENTAL:NO /NOLOGO kernel32.lib user32.lib gdi32.lib winspool.lib comdlg32.lib advapi32.lib shell32.lib ole32.lib oleaut32.lib uuid.lib odbc32.lib odbccp32.lib /MANIFEST /MANIFESTUAC:"level='asInvoker' uiAccess='false'" /manifest:embed /DEBUG /PDB:"C:\Users\xiaoke\Dropbox\research\20131205 StoryTellingVisualization\Program\StoryTellingVisualizationServer\ServerProject\\..\dll\websocketserver.pdb" /SUBSYSTEM:WINDOWS /OPT:REF /OPT:ICF /LTCG /TLBID:1 /DYNAMICBASE /NXCOMPAT /IMPLIB:"C:\Users\xiaoke\Dropbox\research\20131205 StoryTellingVisualization\Program\StoryTellingVisualizationServer\ServerProject\\..\dll\websocketserver.lib" /MACHINE:X64 /DLL x64\Release\base64.obj
         x64\Release\sha1.obj
         x64\Release\websocketserver.obj
            Creating library C:\Users\xiaoke\Dropbox\research\20131205 StoryTellingVisualization\Program\StoryTellingVisualizationServer\ServerProject\\..\dll\websocketserver.lib and object C:\Users\xiaoke\Dropbox\research\20131205 StoryTellingVisualization\Program\StoryTellingVisualizationServer\ServerProject\\..\dll\websocketserver.exp
         Generating code
         Finished generating code
         websocket.vcxproj -> C:\Users\xiaoke\Dropbox\research\20131205 StoryTellingVisualization\Program\StoryTellingVisualizationServer\ServerProject\\..\dll\websocketserver.dll
     1>Done Building Project "C:\Users\xiaoke\Dropbox\research\20131205 StoryTellingVisualization\Program\StoryTellingVisualizationServer\ServerProject\websocket\websocket.vcxproj" (Rebuild target(s)).

Build succeeded.

Time Elapsed 00:00:02.29
