C:\USERS\XIAOKE\DROPBOX\RESEARCH\20131205 STORYTELLINGVISUALIZATION\PROGRAM\STORYTELLINGVISUALIZATIONSERVER\SERVERPROJECT\JSON\X64\DEBUG\JSON.OBJ
C:\USERS\XIAOKE\DROPBOX\RESEARCH\20131205 STORYTELLINGVISUALIZATION\PROGRAM\STORYTELLINGVISUALIZATIONSERVER\SERVERPROJECT\JSON\X64\DEBUG\VC110.PDB
C:\USERS\YWU\DESKTOP\STVS\SERVERPROJECT\JSON\X64\DEBUG\JSON.OBJ
C:\USERS\YWU\DESKTOP\STVS\SERVERPROJECT\JSON\X64\DEBUG\VC110.PDB
C:\Users\xiaoke\Dropbox\research\20131205 StoryTellingVisualization\Program\StoryTellingVisualizationServer\dll\json.lib
C:\Users\xiaoke\Dropbox\research\20131205 StoryTellingVisualization\Program\StoryTellingVisualizationServer\dll\json.exp
C:\Users\ywu\Desktop\STVS\dll\json.lib
C:\Users\ywu\Desktop\STVS\dll\json.exp
C:\USERS\XIAOKE\DROPBOX\RESEARCH\20131205 STORYTELLINGVISUALIZATION\PROGRAM\STORYTELLINGVISUALIZATIONSERVER\DLL\JSON.ILK
C:\USERS\XIAOKE\DROPBOX\RESEARCH\20131205 STORYTELLINGVISUALIZATION\PROGRAM\STORYTELLINGVISUALIZATIONSERVER\DLL\JSON.DLL
C:\USERS\XIAOKE\DROPBOX\RESEARCH\20131205 STORYTELLINGVISUALIZATION\PROGRAM\STORYTELLINGVISUALIZATIONSERVER\DLL\JSON.PDB
C:\USERS\YWU\DESKTOP\STVS\DLL\JSON.ILK
C:\USERS\YWU\DESKTOP\STVS\DLL\JSON.DLL
C:\USERS\YWU\DESKTOP\STVS\DLL\JSON.PDB
C:\Users\ywu\Desktop\STVS\ServerProject\json\x64\Debug\Json.obj
C:\Users\ywu\Desktop\STVS\ServerProject\json\x64\Debug\cl.command.1.tlog
C:\Users\ywu\Desktop\STVS\ServerProject\json\x64\Debug\CL.read.1.tlog
C:\Users\ywu\Desktop\STVS\ServerProject\json\x64\Debug\CL.write.1.tlog
C:\Users\ywu\Desktop\STVS\ServerProject\json\x64\Debug\json.write.1.tlog
C:\Users\ywu\Desktop\STVS\ServerProject\json\x64\Debug\link-cvtres.read.1.tlog
C:\Users\ywu\Desktop\STVS\ServerProject\json\x64\Debug\link-cvtres.write.1.tlog
C:\Users\ywu\Desktop\STVS\ServerProject\json\x64\Debug\link-rc.read.1.tlog
C:\Users\ywu\Desktop\STVS\ServerProject\json\x64\Debug\link-rc.write.1.tlog
C:\Users\ywu\Desktop\STVS\ServerProject\json\x64\Debug\link.command.1.tlog
C:\Users\ywu\Desktop\STVS\ServerProject\json\x64\Debug\link.read.1.tlog
C:\Users\ywu\Desktop\STVS\ServerProject\json\x64\Debug\link.write.1.tlog
C:\Users\ywu\Desktop\STVS\ServerProject\json\x64\Debug\vc110.idb
C:\Users\ywu\Desktop\STVS\ServerProject\json\x64\Debug\vc110.pdb
C:\Users\ywu\Desktop\STVS\ServerProject\\..\dll\json.pdb
C:\Users\ywu\Desktop\STVS\ServerProject\\..\dll\json.dll
C:\Users\ywu\Desktop\STVS\ServerProject\\..\dll\json.ilk
