C:\USERS\XIAOKE\DROPBOX\RESEARCH\20131205 STORYTELLINGVISUALIZATION\PROGRAM\STORYTELLINGVISUALIZATIONSERVER\SERVERPROJECT\SERVERPROJECT\X64\RELEASE\STORYTELLING.OBJ
C:\USERS\XIAOKE\DROPBOX\RESEARCH\20131205 STORYTELLINGVISUALIZATION\PROGRAM\STORYTELLINGVISUALIZATIONSERVER\SERVERPROJECT\SERVERPROJECT\X64\RELEASE\SERVERPROCESSING.OBJ
C:\USERS\XIAOKE\DROPBOX\RESEARCH\20131205 STORYTELLINGVISUALIZATION\PROGRAM\STORYTELLINGVISUALIZATIONSERVER\SERVERPROJECT\SERVERPROJECT\X64\RELEASE\MAIN.OBJ
C:\USERS\XIAOKE\DROPBOX\RESEARCH\20131205 STORYTELLINGVISUALIZATION\PROGRAM\STORYTELLINGVISUALIZATIONSERVER\SERVERPROJECT\SERVERPROJECT\X64\RELEASE\HUNGARIAN.OBJ
C:\USERS\XIAOKE\DROPBOX\RESEARCH\20131205 STORYTELLINGVISUALIZATION\PROGRAM\STORYTELLINGVISUALIZATIONSERVER\SERVERPROJECT\SERVERPROJECT\X64\RELEASE\DELAUNAY.OBJ
C:\USERS\XIAOKE\DROPBOX\RESEARCH\20131205 STORYTELLINGVISUALIZATION\PROGRAM\STORYTELLINGVISUALIZATIONSERVER\SERVERPROJECT\SERVERPROJECT\X64\RELEASE\ARTICLECLUSTER.OBJ
C:\USERS\XIAOKE\DROPBOX\RESEARCH\20131205 STORYTELLINGVISUALIZATION\PROGRAM\STORYTELLINGVISUALIZATIONSERVER\SERVERPROJECT\SERVERPROJECT\X64\RELEASE\ARTICLE.OBJ
C:\USERS\XIAOKE\DROPBOX\RESEARCH\20131205 STORYTELLINGVISUALIZATION\PROGRAM\STORYTELLINGVISUALIZATIONSERVER\SERVERPROJECT\SERVERPROJECT\X64\RELEASE\VC110.PDB
C:\USERS\XIAOKE\DROPBOX\RESEARCH\20131205 STORYTELLINGVISUALIZATION\PROGRAM\STORYTELLINGVISUALIZATIONSERVER\SERVERPROJECT\X64\RELEASE\SERVERPROJECT.EXE
C:\USERS\XIAOKE\DROPBOX\RESEARCH\20131205 STORYTELLINGVISUALIZATION\PROGRAM\STORYTELLINGVISUALIZATIONSERVER\SERVERPROJECT\X64\RELEASE\SERVERPROJECT.PDB
C:\Users\xiaoke\Dropbox\research\20131205 StoryTellingVisualization\Program\StoryTellingVisualizationServer\ServerProject\x64\Release\ServerProject.lib
C:\Users\xiaoke\Dropbox\research\20131205 StoryTellingVisualization\Program\StoryTellingVisualizationServer\ServerProject\x64\Release\ServerProject.exp
C:\Users\xiaoke\Dropbox\research\20131205 StoryTellingVisualization\Program\StoryTellingVisualizationServer\ServerProject\ServerProject\x64\Release\Article.obj
C:\Users\xiaoke\Dropbox\research\20131205 StoryTellingVisualization\Program\StoryTellingVisualizationServer\ServerProject\ServerProject\x64\Release\ArticleCluster.obj
C:\Users\xiaoke\Dropbox\research\20131205 StoryTellingVisualization\Program\StoryTellingVisualizationServer\ServerProject\ServerProject\x64\Release\Delaunay.obj
C:\Users\xiaoke\Dropbox\research\20131205 StoryTellingVisualization\Program\StoryTellingVisualizationServer\ServerProject\ServerProject\x64\Release\Hungarian.obj
C:\Users\xiaoke\Dropbox\research\20131205 StoryTellingVisualization\Program\StoryTellingVisualizationServer\ServerProject\ServerProject\x64\Release\main.obj
C:\Users\xiaoke\Dropbox\research\20131205 StoryTellingVisualization\Program\StoryTellingVisualizationServer\ServerProject\ServerProject\x64\Release\ServerProcessing.obj
C:\Users\xiaoke\Dropbox\research\20131205 StoryTellingVisualization\Program\StoryTellingVisualizationServer\ServerProject\ServerProject\x64\Release\StoryTelling.obj
C:\Users\xiaoke\Dropbox\research\20131205 StoryTellingVisualization\Program\StoryTellingVisualizationServer\ServerProject\ServerProject\x64\Release\cl.command.1.tlog
C:\Users\xiaoke\Dropbox\research\20131205 StoryTellingVisualization\Program\StoryTellingVisualizationServer\ServerProject\ServerProject\x64\Release\CL.read.1.tlog
C:\Users\xiaoke\Dropbox\research\20131205 StoryTellingVisualization\Program\StoryTellingVisualizationServer\ServerProject\ServerProject\x64\Release\CL.write.1.tlog
C:\Users\xiaoke\Dropbox\research\20131205 StoryTellingVisualization\Program\StoryTellingVisualizationServer\ServerProject\ServerProject\x64\Release\link-cvtres.read.1.tlog
C:\Users\xiaoke\Dropbox\research\20131205 StoryTellingVisualization\Program\StoryTellingVisualizationServer\ServerProject\ServerProject\x64\Release\link-cvtres.write.1.tlog
C:\Users\xiaoke\Dropbox\research\20131205 StoryTellingVisualization\Program\StoryTellingVisualizationServer\ServerProject\ServerProject\x64\Release\link-rc.read.1.tlog
C:\Users\xiaoke\Dropbox\research\20131205 StoryTellingVisualization\Program\StoryTellingVisualizationServer\ServerProject\ServerProject\x64\Release\link-rc.write.1.tlog
C:\Users\xiaoke\Dropbox\research\20131205 StoryTellingVisualization\Program\StoryTellingVisualizationServer\ServerProject\ServerProject\x64\Release\link.command.1.tlog
C:\Users\xiaoke\Dropbox\research\20131205 StoryTellingVisualization\Program\StoryTellingVisualizationServer\ServerProject\ServerProject\x64\Release\link.read.1.tlog
C:\Users\xiaoke\Dropbox\research\20131205 StoryTellingVisualization\Program\StoryTellingVisualizationServer\ServerProject\ServerProject\x64\Release\link.write.1.tlog
C:\Users\xiaoke\Dropbox\research\20131205 StoryTellingVisualization\Program\StoryTellingVisualizationServer\ServerProject\ServerProject\x64\Release\ServerProject.write.1.tlog
C:\Users\xiaoke\Dropbox\research\20131205 StoryTellingVisualization\Program\StoryTellingVisualizationServer\ServerProject\ServerProject\x64\Release\vc110.pdb
C:\Users\xiaoke\Dropbox\research\20131205 StoryTellingVisualization\Program\StoryTellingVisualizationServer\ServerProject\x64\Release\ServerProject.pdb
C:\Users\xiaoke\Dropbox\research\20131205 StoryTellingVisualization\Program\StoryTellingVisualizationServer\ServerProject\x64\Release\ServerProject.exe
