Build started 3/5/2015 6:33:20 PM.
     1>Project "C:\Users\xiaoke\Dropbox\research\20131205 StoryTellingVisualization\Program\StoryTellingVisualizationServer\ServerProject\ServerProject\ServerProject.vcxproj" on node 2 (Build target(s)).
     1>ClCompile:
         C:\Program Files (x86)\Microsoft Visual Studio 11.0\VC\bin\x86_amd64\CL.exe /c /I..\..\include /Zi /nologo /W3 /WX- /O2 /Oi /GL /D WIN32 /D NDEBUG /D _CONSOLE /D _UNICODE /D UNICODE /Gm- /EHsc /MD /GS /Gy /fp:precise /Zc:wchar_t /Zc:forScope /Fo"x64\Release\\" /Fd"x64\Release\vc110.pdb" /Gd /TP /errorReport:prompt ..\..\src\serverproject\ServerProcessing.cpp
         ServerProcessing.cpp
     1>C:\Users\xiaoke\Dropbox\research\20131205 StoryTellingVisualization\Program\StoryTellingVisualizationServer\include\websocketserver.h(68): warning C4251: 'websocketserver::m_ip' : class 'std::basic_string<_Elem,_Traits,_Alloc>' needs to have dll-interface to be used by clients of class 'websocketserver'
                 with
                 [
                     _Elem=char,
                     _Traits=std::char_traits<char>,
                     _Alloc=std::allocator<char>
                 ]
     1>C:\Users\xiaoke\Dropbox\research\20131205 StoryTellingVisualization\Program\StoryTellingVisualizationServer\include\websocketserver.h(73): warning C4251: 'websocketserver::m_message' : class 'std::basic_string<_Elem,_Traits,_Alloc>' needs to have dll-interface to be used by clients of class 'websocketserver'
                 with
                 [
                     _Elem=char,
                     _Traits=std::char_traits<char>,
                     _Alloc=std::allocator<char>
                 ]
     1>C:\Users\xiaoke\Dropbox\research\20131205 StoryTellingVisualization\Program\StoryTellingVisualizationServer\include\Json.h(147): warning C4251: 'JSONVALUE::order' : class 'std::vector<_Ty>' needs to have dll-interface to be used by clients of class 'JSONVALUE'
                 with
                 [
                     _Ty=wstring
                 ]
     1>C:\Users\xiaoke\Dropbox\research\20131205 StoryTellingVisualization\Program\StoryTellingVisualizationServer\include\Json.h(266): warning C4251: 'JSONVALUE::m_stage' : class 'std::vector<_Ty>' needs to have dll-interface to be used by clients of class 'JSONVALUE'
                 with
                 [
                     _Ty=JSONSCOPES
                 ]
     1>..\..\src\serverproject\ServerProcessing.cpp(90): warning C4267: 'argument' : conversion from 'size_t' to 'int', possible loss of data
     1>..\..\src\serverproject\ServerProcessing.cpp(92): warning C4267: '=' : conversion from 'size_t' to 'int', possible loss of data
     1>..\..\src\serverproject\ServerProcessing.cpp(149): warning C4244: 'argument' : conversion from 'time_t' to 'DWORD', possible loss of data
     1>..\..\src\serverproject\ServerProcessing.cpp(152): warning C4244: 'argument' : conversion from 'INT64' to 'DWORD', possible loss of data
     1>..\..\src\serverproject\ServerProcessing.cpp(189): warning C4244: 'argument' : conversion from 'time_t' to 'DWORD', possible loss of data
     1>..\..\src\serverproject\ServerProcessing.cpp(193): warning C4267: 'argument' : conversion from 'size_t' to 'int', possible loss of data
     1>..\..\src\serverproject\ServerProcessing.cpp(194): warning C4267: '=' : conversion from 'size_t' to 'int', possible loss of data
     1>..\..\src\serverproject\ServerProcessing.cpp(337): warning C4244: '=' : conversion from '__int64' to 'int', possible loss of data
     1>..\..\src\serverproject\ServerProcessing.cpp(346): warning C4244: '=' : conversion from '__int64' to 'int', possible loss of data
     1>..\..\src\serverproject\ServerProcessing.cpp(362): warning C4244: 'initializing' : conversion from '__int64' to 'int', possible loss of data
     1>..\..\src\serverproject\ServerProcessing.cpp(363): warning C4244: 'initializing' : conversion from '__int64' to 'int', possible loss of data
     1>..\..\src\serverproject\ServerProcessing.cpp(380): warning C4244: 'argument' : conversion from '__int64' to 'double', possible loss of data
     1>..\..\src\serverproject\ServerProcessing.cpp(398): warning C4244: 'argument' : conversion from '__int64' to 'double', possible loss of data
     1>..\..\src\serverproject\ServerProcessing.cpp(428): warning C4996: 'sprintf': This function or variable may be unsafe. Consider using sprintf_s instead. To disable deprecation, use _CRT_SECURE_NO_WARNINGS. See online help for details.
                 C:\Program Files (x86)\Microsoft Visual Studio 11.0\VC\include\stdio.h(357) : see declaration of 'sprintf'
     1>..\..\src\serverproject\ServerProcessing.cpp(448): warning C4267: '=' : conversion from 'size_t' to 'int', possible loss of data
     1>..\..\src\serverproject\ServerProcessing.cpp(545): warning C4267: 'argument' : conversion from 'size_t' to 'int', possible loss of data
     1>..\..\src\serverproject\ServerProcessing.cpp(546): warning C4267: '=' : conversion from 'size_t' to 'int', possible loss of data
     1>..\..\src\serverproject\ServerProcessing.cpp(920): warning C4267: 'initializing' : conversion from 'size_t' to 'int', possible loss of data
     1>..\..\src\serverproject\ServerProcessing.cpp(946): warning C4267: '=' : conversion from 'size_t' to 'int', possible loss of data
     1>..\..\src\serverproject\ServerProcessing.cpp(995): warning C4267: 'initializing' : conversion from 'size_t' to 'int', possible loss of data
     1>..\..\src\serverproject\ServerProcessing.cpp(1019): warning C4267: '=' : conversion from 'size_t' to 'int', possible loss of data
     1>..\..\src\serverproject\ServerProcessing.cpp(1067): warning C4267: 'initializing' : conversion from 'size_t' to 'int', possible loss of data
     1>..\..\src\serverproject\ServerProcessing.cpp(1299): warning C4258: 'i' : definition from the for loop is ignored; the definition from the enclosing scope is used
                 ..\..\src\serverproject\ServerProcessing.cpp(1269) : definition of 'i' ignored
                 ..\..\src\serverproject\ServerProcessing.cpp(1261) : definition of 'i' used
     1>..\..\src\serverproject\ServerProcessing.cpp(1359): warning C4258: 'i' : definition from the for loop is ignored; the definition from the enclosing scope is used
                 ..\..\src\serverproject\ServerProcessing.cpp(1329) : definition of 'i' ignored
                 ..\..\src\serverproject\ServerProcessing.cpp(1321) : definition of 'i' used
       Link:
         C:\Program Files (x86)\Microsoft Visual Studio 11.0\VC\bin\x86_amd64\link.exe /ERRORREPORT:PROMPT /OUT:"C:\Users\xiaoke\Dropbox\research\20131205 StoryTellingVisualization\Program\StoryTellingVisualizationServer\ServerProject\x64\Release\ServerProject.exe" /INCREMENTAL:NO /NOLOGO /LIBPATH:..\..\dll json.lib websocketserver.lib kernel32.lib user32.lib gdi32.lib winspool.lib comdlg32.lib advapi32.lib shell32.lib ole32.lib oleaut32.lib uuid.lib odbc32.lib odbccp32.lib /MANIFEST /MANIFESTUAC:"level='asInvoker' uiAccess='false'" /manifest:embed /DEBUG /PDB:"C:\Users\xiaoke\Dropbox\research\20131205 StoryTellingVisualization\Program\StoryTellingVisualizationServer\ServerProject\x64\Release\ServerProject.pdb" /SUBSYSTEM:CONSOLE /OPT:REF /OPT:ICF /LTCG /TLBID:1 /DYNAMICBASE /NXCOMPAT /IMPLIB:"C:\Users\xiaoke\Dropbox\research\20131205 StoryTellingVisualization\Program\StoryTellingVisualizationServer\ServerProject\x64\Release\ServerProject.lib" /MACHINE:X64 x64\Release\Article.obj
         x64\Release\ArticleCluster.obj
         x64\Release\Delaunay.obj
         x64\Release\Hungarian.obj
         x64\Release\main.obj
         x64\Release\ServerProcessing.obj
         x64\Release\StoryTelling.obj
            Creating library C:\Users\xiaoke\Dropbox\research\20131205 StoryTellingVisualization\Program\StoryTellingVisualizationServer\ServerProject\x64\Release\ServerProject.lib and object C:\Users\xiaoke\Dropbox\research\20131205 StoryTellingVisualization\Program\StoryTellingVisualizationServer\ServerProject\x64\Release\ServerProject.exp
         Generating code
         Finished generating code
         ServerProject.vcxproj -> C:\Users\xiaoke\Dropbox\research\20131205 StoryTellingVisualization\Program\StoryTellingVisualizationServer\ServerProject\x64\Release\ServerProject.exe
     1>Done Building Project "C:\Users\xiaoke\Dropbox\research\20131205 StoryTellingVisualization\Program\StoryTellingVisualizationServer\ServerProject\ServerProject\ServerProject.vcxproj" (Build target(s)).

Build succeeded.

Time Elapsed 00:00:03.35
