C:\USERS\XIAOKE\DROPBOX\RESEARCH\20131205 STORYTELLINGVISUALIZATION\PROGRAM\STORYTELLINGVISUALIZATIONSERVER\SERVERPROJECT\SERVERPROJECT\X64\DEBUG\ARTICLE.OBJ
C:\USERS\XIAOKE\DROPBOX\RESEARCH\20131205 STORYTELLINGVISUALIZATION\PROGRAM\STORYTELLINGVISUALIZATIONSERVER\SERVERPROJECT\SERVERPROJECT\X64\DEBUG\ARTICLECLUSTER.OBJ
C:\USERS\XIAOKE\DROPBOX\RESEARCH\20131205 STORYTELLINGVISUALIZATION\PROGRAM\STORYTELLINGVISUALIZATIONSERVER\SERVERPROJECT\SERVERPROJECT\X64\DEBUG\DELAUNAY.OBJ
C:\USERS\XIAOKE\DROPBOX\RESEARCH\20131205 STORYTELLINGVISUALIZATION\PROGRAM\STORYTELLINGVISUALIZATIONSERVER\SERVERPROJECT\SERVERPROJECT\X64\DEBUG\HUNGARIAN.OBJ
C:\USERS\XIAOKE\DROPBOX\RESEARCH\20131205 STORYTELLINGVISUALIZATION\PROGRAM\STORYTELLINGVISUALIZATIONSERVER\SERVERPROJECT\SERVERPROJECT\X64\DEBUG\MAIN.OBJ
C:\USERS\XIAOKE\DROPBOX\RESEARCH\20131205 STORYTELLINGVISUALIZATION\PROGRAM\STORYTELLINGVISUALIZATIONSERVER\SERVERPROJECT\SERVERPROJECT\X64\DEBUG\SERVERPROCESSING.OBJ
C:\USERS\XIAOKE\DROPBOX\RESEARCH\20131205 STORYTELLINGVISUALIZATION\PROGRAM\STORYTELLINGVISUALIZATIONSERVER\SERVERPROJECT\SERVERPROJECT\X64\DEBUG\STORYTELLING.OBJ
C:\USERS\XIAOKE\DROPBOX\RESEARCH\20131205 STORYTELLINGVISUALIZATION\PROGRAM\STORYTELLINGVISUALIZATIONSERVER\SERVERPROJECT\SERVERPROJECT\X64\DEBUG\VC110.PDB
C:\USERS\YWU\DESKTOP\STVS\SERVERPROJECT\SERVERPROJECT\X64\DEBUG\ARTICLE.OBJ
C:\USERS\YWU\DESKTOP\STVS\SERVERPROJECT\SERVERPROJECT\X64\DEBUG\ARTICLECLUSTER.OBJ
C:\USERS\YWU\DESKTOP\STVS\SERVERPROJECT\SERVERPROJECT\X64\DEBUG\DELAUNAY.OBJ
C:\USERS\YWU\DESKTOP\STVS\SERVERPROJECT\SERVERPROJECT\X64\DEBUG\HUNGARIAN.OBJ
C:\USERS\YWU\DESKTOP\STVS\SERVERPROJECT\SERVERPROJECT\X64\DEBUG\MAIN.OBJ
C:\USERS\YWU\DESKTOP\STVS\SERVERPROJECT\SERVERPROJECT\X64\DEBUG\SERVERPROCESSING.OBJ
C:\USERS\YWU\DESKTOP\STVS\SERVERPROJECT\SERVERPROJECT\X64\DEBUG\STORYTELLING.OBJ
C:\USERS\YWU\DESKTOP\STVS\SERVERPROJECT\SERVERPROJECT\X64\DEBUG\VC110.PDB
C:\USERS\XIAOKE\DROPBOX\RESEARCH\20131205 STORYTELLINGVISUALIZATION\PROGRAM\STORYTELLINGVISUALIZATIONSERVER\SERVERPROJECT\X64\DEBUG\SERVERPROJECT.ILK
C:\USERS\XIAOKE\DROPBOX\RESEARCH\20131205 STORYTELLINGVISUALIZATION\PROGRAM\STORYTELLINGVISUALIZATIONSERVER\SERVERPROJECT\X64\DEBUG\SERVERPROJECT.EXE
C:\USERS\XIAOKE\DROPBOX\RESEARCH\20131205 STORYTELLINGVISUALIZATION\PROGRAM\STORYTELLINGVISUALIZATIONSERVER\SERVERPROJECT\X64\DEBUG\SERVERPROJECT.PDB
C:\USERS\YWU\DESKTOP\STVS\SERVERPROJECT\X64\DEBUG\SERVERPROJECT.ILK
C:\USERS\YWU\DESKTOP\STVS\SERVERPROJECT\X64\DEBUG\SERVERPROJECT.EXE
C:\USERS\YWU\DESKTOP\STVS\SERVERPROJECT\X64\DEBUG\SERVERPROJECT.PDB
C:\Users\xiaoke\Dropbox\research\20131205 StoryTellingVisualization\Program\StoryTellingVisualizationServer\ServerProject\x64\Debug\ServerProject.lib
C:\Users\xiaoke\Dropbox\research\20131205 StoryTellingVisualization\Program\StoryTellingVisualizationServer\ServerProject\x64\Debug\ServerProject.exp
C:\Users\ywu\Desktop\STVS\ServerProject\x64\Debug\ServerProject.lib
C:\Users\ywu\Desktop\STVS\ServerProject\x64\Debug\ServerProject.exp
C:\Users\ywu\Desktop\STVS\ServerProject\ServerProject\x64\Debug\Article.obj
C:\Users\ywu\Desktop\STVS\ServerProject\ServerProject\x64\Debug\ArticleCluster.obj
C:\Users\ywu\Desktop\STVS\ServerProject\ServerProject\x64\Debug\Delaunay.obj
C:\Users\ywu\Desktop\STVS\ServerProject\ServerProject\x64\Debug\Hungarian.obj
C:\Users\ywu\Desktop\STVS\ServerProject\ServerProject\x64\Debug\main.obj
C:\Users\ywu\Desktop\STVS\ServerProject\ServerProject\x64\Debug\ServerProcessing.obj
C:\Users\ywu\Desktop\STVS\ServerProject\ServerProject\x64\Debug\StoryTelling.obj
C:\Users\ywu\Desktop\STVS\ServerProject\ServerProject\x64\Debug\cl.command.1.tlog
C:\Users\ywu\Desktop\STVS\ServerProject\ServerProject\x64\Debug\CL.read.1.tlog
C:\Users\ywu\Desktop\STVS\ServerProject\ServerProject\x64\Debug\CL.write.1.tlog
C:\Users\ywu\Desktop\STVS\ServerProject\ServerProject\x64\Debug\link-cvtres.read.1.tlog
C:\Users\ywu\Desktop\STVS\ServerProject\ServerProject\x64\Debug\link-cvtres.write.1.tlog
C:\Users\ywu\Desktop\STVS\ServerProject\ServerProject\x64\Debug\link-rc.read.1.tlog
C:\Users\ywu\Desktop\STVS\ServerProject\ServerProject\x64\Debug\link-rc.write.1.tlog
C:\Users\ywu\Desktop\STVS\ServerProject\ServerProject\x64\Debug\link.command.1.tlog
C:\Users\ywu\Desktop\STVS\ServerProject\ServerProject\x64\Debug\link.read.1.tlog
C:\Users\ywu\Desktop\STVS\ServerProject\ServerProject\x64\Debug\link.write.1.tlog
C:\Users\ywu\Desktop\STVS\ServerProject\ServerProject\x64\Debug\ServerProject.write.1.tlog
C:\Users\ywu\Desktop\STVS\ServerProject\ServerProject\x64\Debug\vc110.idb
C:\Users\ywu\Desktop\STVS\ServerProject\ServerProject\x64\Debug\vc110.pdb
C:\Users\ywu\Desktop\STVS\ServerProject\x64\Debug\ServerProject.pdb
C:\Users\ywu\Desktop\STVS\ServerProject\x64\Debug\ServerProject.exe
C:\Users\ywu\Desktop\STVS\ServerProject\x64\Debug\ServerProject.ilk
