Build started 9/26/2015 6:12:46 PM.
     1>Project "C:\Users\ywu\Desktop\STVS\ServerProject\ServerProject\ServerProject.vcxproj" on node 2 (Rebuild target(s)).
     1>ClCompile:
         C:\Program Files\Microsoft Visual Studio 11.0\VC\bin\x86_amd64\CL.exe /c /I..\..\include /Zi /nologo /W3 /WX- /Od /D WIN32 /D _DEBUG /D _CONSOLE /D _UNICODE /D UNICODE /Gm /EHsc /RTC1 /MDd /GS /fp:precise /Zc:wchar_t /Zc:forScope /Fo"x64\Debug\\" /Fd"x64\Debug\vc110.pdb" /Gd /TP /errorReport:prompt ..\..\src\serverproject\Article.cpp ..\..\src\serverproject\ArticleCluster.cpp ..\..\src\serverproject\Delaunay.cpp ..\..\src\serverproject\Hungarian.cpp ..\..\src\serverproject\main.cpp ..\..\src\serverproject\ServerProcessing.cpp ..\..\src\serverproject\StoryTelling.cpp
         StoryTelling.cpp
     1>C:\Users\ywu\Desktop\STVS\include\websocketserver.h(68): warning C4251: 'websocketserver::m_ip' : class 'std::basic_string<_Elem,_Traits,_Alloc>' needs to have dll-interface to be used by clients of class 'websocketserver'
                 with
                 [
                     _Elem=char,
                     _Traits=std::char_traits<char>,
                     _Alloc=std::allocator<char>
                 ]
     1>C:\Users\ywu\Desktop\STVS\include\websocketserver.h(73): warning C4251: 'websocketserver::m_message' : class 'std::basic_string<_Elem,_Traits,_Alloc>' needs to have dll-interface to be used by clients of class 'websocketserver'
                 with
                 [
                     _Elem=char,
                     _Traits=std::char_traits<char>,
                     _Alloc=std::allocator<char>
                 ]
     1>C:\Users\ywu\Desktop\STVS\include\Json.h(147): warning C4251: 'JSONVALUE::order' : class 'std::vector<_Ty>' needs to have dll-interface to be used by clients of class 'JSONVALUE'
                 with
                 [
                     _Ty=wstring
                 ]
     1>C:\Users\ywu\Desktop\STVS\include\Json.h(266): warning C4251: 'JSONVALUE::m_stage' : class 'std::vector<_Ty>' needs to have dll-interface to be used by clients of class 'JSONVALUE'
                 with
                 [
                     _Ty=JSONSCOPES
                 ]
     1>..\..\src\serverproject\StoryTelling.cpp(675): warning C4267: '=' : conversion from 'size_t' to 'int', possible loss of data
     1>..\..\src\serverproject\StoryTelling.cpp(682): warning C4267: '=' : conversion from 'size_t' to 'int', possible loss of data
     1>..\..\src\serverproject\StoryTelling.cpp(830): warning C4244: '=' : conversion from 'double' to 'size_t', possible loss of data
     1>..\..\src\serverproject\StoryTelling.cpp(836): warning C4267: 'initializing' : conversion from 'size_t' to 'int', possible loss of data
     1>..\..\src\serverproject\StoryTelling.cpp(838): warning C4267: '=' : conversion from 'size_t' to 'int', possible loss of data
     1>..\..\src\serverproject\StoryTelling.cpp(1059): warning C4244: 'argument' : conversion from 'double' to 'REAL', possible loss of data
     1>..\..\src\serverproject\StoryTelling.cpp(1068): warning C4267: '=' : conversion from 'size_t' to 'int', possible loss of data
     1>..\..\src\serverproject\StoryTelling.cpp(1075): warning C4267: '=' : conversion from 'size_t' to 'int', possible loss of data
     1>..\..\src\serverproject\StoryTelling.cpp(1167): warning C4996: 'sprintf': This function or variable may be unsafe. Consider using sprintf_s instead. To disable deprecation, use _CRT_SECURE_NO_WARNINGS. See online help for details.
                 C:\Program Files\Microsoft Visual Studio 11.0\VC\include\stdio.h(357) : see declaration of 'sprintf'
         ServerProcessing.cpp
     1>C:\Users\ywu\Desktop\STVS\include\websocketserver.h(68): warning C4251: 'websocketserver::m_ip' : class 'std::basic_string<_Elem,_Traits,_Alloc>' needs to have dll-interface to be used by clients of class 'websocketserver'
                 with
                 [
                     _Elem=char,
                     _Traits=std::char_traits<char>,
                     _Alloc=std::allocator<char>
                 ]
     1>C:\Users\ywu\Desktop\STVS\include\websocketserver.h(73): warning C4251: 'websocketserver::m_message' : class 'std::basic_string<_Elem,_Traits,_Alloc>' needs to have dll-interface to be used by clients of class 'websocketserver'
                 with
                 [
                     _Elem=char,
                     _Traits=std::char_traits<char>,
                     _Alloc=std::allocator<char>
                 ]
     1>C:\Users\ywu\Desktop\STVS\include\Json.h(147): warning C4251: 'JSONVALUE::order' : class 'std::vector<_Ty>' needs to have dll-interface to be used by clients of class 'JSONVALUE'
                 with
                 [
                     _Ty=wstring
                 ]
     1>C:\Users\ywu\Desktop\STVS\include\Json.h(266): warning C4251: 'JSONVALUE::m_stage' : class 'std::vector<_Ty>' needs to have dll-interface to be used by clients of class 'JSONVALUE'
                 with
                 [
                     _Ty=JSONSCOPES
                 ]
     1>..\..\src\serverproject\ServerProcessing.cpp(89): warning C4267: 'argument' : conversion from 'size_t' to 'int', possible loss of data
     1>..\..\src\serverproject\ServerProcessing.cpp(91): warning C4267: '=' : conversion from 'size_t' to 'int', possible loss of data
     1>..\..\src\serverproject\ServerProcessing.cpp(148): warning C4244: 'argument' : conversion from 'time_t' to 'DWORD', possible loss of data
     1>..\..\src\serverproject\ServerProcessing.cpp(151): warning C4244: 'argument' : conversion from 'INT64' to 'DWORD', possible loss of data
     1>..\..\src\serverproject\ServerProcessing.cpp(188): warning C4244: 'argument' : conversion from 'time_t' to 'DWORD', possible loss of data
     1>..\..\src\serverproject\ServerProcessing.cpp(192): warning C4267: 'argument' : conversion from 'size_t' to 'int', possible loss of data
     1>..\..\src\serverproject\ServerProcessing.cpp(193): warning C4267: '=' : conversion from 'size_t' to 'int', possible loss of data
     1>..\..\src\serverproject\ServerProcessing.cpp(336): warning C4244: '=' : conversion from '__int64' to 'int', possible loss of data
     1>..\..\src\serverproject\ServerProcessing.cpp(345): warning C4244: '=' : conversion from '__int64' to 'int', possible loss of data
     1>..\..\src\serverproject\ServerProcessing.cpp(361): warning C4244: 'initializing' : conversion from '__int64' to 'int', possible loss of data
     1>..\..\src\serverproject\ServerProcessing.cpp(362): warning C4244: 'initializing' : conversion from '__int64' to 'int', possible loss of data
     1>..\..\src\serverproject\ServerProcessing.cpp(379): warning C4244: 'argument' : conversion from '__int64' to 'double', possible loss of data
     1>..\..\src\serverproject\ServerProcessing.cpp(397): warning C4244: 'argument' : conversion from '__int64' to 'double', possible loss of data
     1>..\..\src\serverproject\ServerProcessing.cpp(427): warning C4996: 'sprintf': This function or variable may be unsafe. Consider using sprintf_s instead. To disable deprecation, use _CRT_SECURE_NO_WARNINGS. See online help for details.
                 C:\Program Files\Microsoft Visual Studio 11.0\VC\include\stdio.h(357) : see declaration of 'sprintf'
     1>..\..\src\serverproject\ServerProcessing.cpp(447): warning C4267: '=' : conversion from 'size_t' to 'int', possible loss of data
     1>..\..\src\serverproject\ServerProcessing.cpp(544): warning C4267: 'argument' : conversion from 'size_t' to 'int', possible loss of data
     1>..\..\src\serverproject\ServerProcessing.cpp(545): warning C4267: '=' : conversion from 'size_t' to 'int', possible loss of data
     1>..\..\src\serverproject\ServerProcessing.cpp(919): warning C4267: 'initializing' : conversion from 'size_t' to 'int', possible loss of data
     1>..\..\src\serverproject\ServerProcessing.cpp(945): warning C4267: '=' : conversion from 'size_t' to 'int', possible loss of data
     1>..\..\src\serverproject\ServerProcessing.cpp(994): warning C4267: 'initializing' : conversion from 'size_t' to 'int', possible loss of data
     1>..\..\src\serverproject\ServerProcessing.cpp(1018): warning C4267: '=' : conversion from 'size_t' to 'int', possible loss of data
     1>..\..\src\serverproject\ServerProcessing.cpp(1066): warning C4267: 'initializing' : conversion from 'size_t' to 'int', possible loss of data
     1>..\..\src\serverproject\ServerProcessing.cpp(1298): warning C4258: 'i' : definition from the for loop is ignored; the definition from the enclosing scope is used
                 ..\..\src\serverproject\ServerProcessing.cpp(1268) : definition of 'i' ignored
                 ..\..\src\serverproject\ServerProcessing.cpp(1260) : definition of 'i' used
     1>..\..\src\serverproject\ServerProcessing.cpp(1360): warning C4258: 'i' : definition from the for loop is ignored; the definition from the enclosing scope is used
                 ..\..\src\serverproject\ServerProcessing.cpp(1330) : definition of 'i' ignored
                 ..\..\src\serverproject\ServerProcessing.cpp(1322) : definition of 'i' used
         main.cpp
     1>C:\Users\ywu\Desktop\STVS\include\websocketserver.h(68): warning C4251: 'websocketserver::m_ip' : class 'std::basic_string<_Elem,_Traits,_Alloc>' needs to have dll-interface to be used by clients of class 'websocketserver'
                 with
                 [
                     _Elem=char,
                     _Traits=std::char_traits<char>,
                     _Alloc=std::allocator<char>
                 ]
     1>C:\Users\ywu\Desktop\STVS\include\websocketserver.h(73): warning C4251: 'websocketserver::m_message' : class 'std::basic_string<_Elem,_Traits,_Alloc>' needs to have dll-interface to be used by clients of class 'websocketserver'
                 with
                 [
                     _Elem=char,
                     _Traits=std::char_traits<char>,
                     _Alloc=std::allocator<char>
                 ]
     1>C:\Users\ywu\Desktop\STVS\include\Json.h(147): warning C4251: 'JSONVALUE::order' : class 'std::vector<_Ty>' needs to have dll-interface to be used by clients of class 'JSONVALUE'
                 with
                 [
                     _Ty=wstring
                 ]
     1>C:\Users\ywu\Desktop\STVS\include\Json.h(266): warning C4251: 'JSONVALUE::m_stage' : class 'std::vector<_Ty>' needs to have dll-interface to be used by clients of class 'JSONVALUE'
                 with
                 [
                     _Ty=JSONSCOPES
                 ]
         Hungarian.cpp
     1>C:\Users\ywu\Desktop\STVS\include\websocketserver.h(68): warning C4251: 'websocketserver::m_ip' : class 'std::basic_string<_Elem,_Traits,_Alloc>' needs to have dll-interface to be used by clients of class 'websocketserver'
                 with
                 [
                     _Elem=char,
                     _Traits=std::char_traits<char>,
                     _Alloc=std::allocator<char>
                 ]
     1>C:\Users\ywu\Desktop\STVS\include\websocketserver.h(73): warning C4251: 'websocketserver::m_message' : class 'std::basic_string<_Elem,_Traits,_Alloc>' needs to have dll-interface to be used by clients of class 'websocketserver'
                 with
                 [
                     _Elem=char,
                     _Traits=std::char_traits<char>,
                     _Alloc=std::allocator<char>
                 ]
     1>C:\Users\ywu\Desktop\STVS\include\Json.h(147): warning C4251: 'JSONVALUE::order' : class 'std::vector<_Ty>' needs to have dll-interface to be used by clients of class 'JSONVALUE'
                 with
                 [
                     _Ty=wstring
                 ]
     1>C:\Users\ywu\Desktop\STVS\include\Json.h(266): warning C4251: 'JSONVALUE::m_stage' : class 'std::vector<_Ty>' needs to have dll-interface to be used by clients of class 'JSONVALUE'
                 with
                 [
                     _Ty=JSONSCOPES
                 ]
     1>..\..\src\serverproject\Hungarian.cpp(6): warning C4267: 'initializing' : conversion from 'size_t' to 'int', possible loss of data
     1>..\..\src\serverproject\Hungarian.cpp(7): warning C4267: 'initializing' : conversion from 'size_t' to 'int', possible loss of data
     1>..\..\src\serverproject\Hungarian.cpp(104): warning C4018: '<' : signed/unsigned mismatch
     1>..\..\src\serverproject\Hungarian.cpp(107): warning C4018: '<' : signed/unsigned mismatch
     1>..\..\src\serverproject\Hungarian.cpp(112): warning C4018: '<' : signed/unsigned mismatch
     1>..\..\src\serverproject\Hungarian.cpp(119): warning C4018: '<' : signed/unsigned mismatch
     1>..\..\src\serverproject\Hungarian.cpp(126): warning C4018: '<' : signed/unsigned mismatch
     1>..\..\src\serverproject\Hungarian.cpp(129): warning C4018: '<' : signed/unsigned mismatch
     1>..\..\src\serverproject\Hungarian.cpp(133): warning C4018: '<' : signed/unsigned mismatch
     1>..\..\src\serverproject\Hungarian.cpp(168): warning C4018: '<' : signed/unsigned mismatch
     1>..\..\src\serverproject\Hungarian.cpp(200): warning C4018: '<' : signed/unsigned mismatch
     1>..\..\src\serverproject\Hungarian.cpp(205): warning C4018: '<' : signed/unsigned mismatch
     1>..\..\src\serverproject\Hungarian.cpp(219): warning C4018: '<' : signed/unsigned mismatch
     1>..\..\src\serverproject\Hungarian.cpp(259): warning C4018: '<' : signed/unsigned mismatch
     1>..\..\src\serverproject\Hungarian.cpp(264): warning C4018: '<' : signed/unsigned mismatch
     1>..\..\src\serverproject\Hungarian.cpp(276): warning C4018: '<' : signed/unsigned mismatch
     1>..\..\src\serverproject\Hungarian.cpp(277): warning C4018: '<' : signed/unsigned mismatch
     1>..\..\src\serverproject\Hungarian.cpp(280): warning C4018: '<' : signed/unsigned mismatch
     1>..\..\src\serverproject\Hungarian.cpp(287): warning C4018: '<' : signed/unsigned mismatch
     1>..\..\src\serverproject\Hungarian.cpp(290): warning C4018: '>' : signed/unsigned mismatch
     1>..\..\src\serverproject\Hungarian.cpp(295): warning C4018: '<' : signed/unsigned mismatch
     1>..\..\src\serverproject\Hungarian.cpp(300): warning C4018: '<' : signed/unsigned mismatch
     1>..\..\src\serverproject\Hungarian.cpp(302): warning C4018: '<' : signed/unsigned mismatch
     1>..\..\src\serverproject\Hungarian.cpp(309): warning C4018: '<' : signed/unsigned mismatch
     1>..\..\src\serverproject\Hungarian.cpp(311): warning C4018: '<' : signed/unsigned mismatch
     1>..\..\src\serverproject\Hungarian.cpp(371): warning C4267: 'initializing' : conversion from 'size_t' to 'int', possible loss of data
     1>..\..\src\serverproject\Hungarian.cpp(372): warning C4267: 'initializing' : conversion from 'size_t' to 'int', possible loss of data
     1>..\..\src\serverproject\Hungarian.cpp(465): warning C4018: '<' : signed/unsigned mismatch
     1>..\..\src\serverproject\Hungarian.cpp(468): warning C4018: '<' : signed/unsigned mismatch
     1>..\..\src\serverproject\Hungarian.cpp(473): warning C4018: '<' : signed/unsigned mismatch
     1>..\..\src\serverproject\Hungarian.cpp(480): warning C4018: '<' : signed/unsigned mismatch
     1>..\..\src\serverproject\Hungarian.cpp(487): warning C4018: '<' : signed/unsigned mismatch
     1>..\..\src\serverproject\Hungarian.cpp(490): warning C4018: '<' : signed/unsigned mismatch
     1>..\..\src\serverproject\Hungarian.cpp(494): warning C4018: '<' : signed/unsigned mismatch
     1>..\..\src\serverproject\Hungarian.cpp(529): warning C4018: '<' : signed/unsigned mismatch
     1>..\..\src\serverproject\Hungarian.cpp(561): warning C4018: '<' : signed/unsigned mismatch
     1>..\..\src\serverproject\Hungarian.cpp(566): warning C4018: '<' : signed/unsigned mismatch
     1>..\..\src\serverproject\Hungarian.cpp(580): warning C4018: '<' : signed/unsigned mismatch
     1>..\..\src\serverproject\Hungarian.cpp(620): warning C4018: '<' : signed/unsigned mismatch
     1>..\..\src\serverproject\Hungarian.cpp(625): warning C4018: '<' : signed/unsigned mismatch
     1>..\..\src\serverproject\Hungarian.cpp(637): warning C4018: '<' : signed/unsigned mismatch
     1>..\..\src\serverproject\Hungarian.cpp(638): warning C4018: '<' : signed/unsigned mismatch
     1>..\..\src\serverproject\Hungarian.cpp(641): warning C4018: '<' : signed/unsigned mismatch
     1>..\..\src\serverproject\Hungarian.cpp(648): warning C4018: '<' : signed/unsigned mismatch
     1>..\..\src\serverproject\Hungarian.cpp(651): warning C4018: '>' : signed/unsigned mismatch
     1>..\..\src\serverproject\Hungarian.cpp(656): warning C4018: '<' : signed/unsigned mismatch
     1>..\..\src\serverproject\Hungarian.cpp(661): warning C4018: '<' : signed/unsigned mismatch
     1>..\..\src\serverproject\Hungarian.cpp(663): warning C4018: '<' : signed/unsigned mismatch
     1>..\..\src\serverproject\Hungarian.cpp(670): warning C4018: '<' : signed/unsigned mismatch
     1>..\..\src\serverproject\Hungarian.cpp(672): warning C4018: '<' : signed/unsigned mismatch
     1>..\..\src\serverproject\Hungarian.cpp(681): warning C4554: '&' : check operator precedence for possible error; use parentheses to clarify precedence
         Delaunay.cpp
         ArticleCluster.cpp
     1>C:\Users\ywu\Desktop\STVS\include\Json.h(147): warning C4251: 'JSONVALUE::order' : class 'std::vector<_Ty>' needs to have dll-interface to be used by clients of class 'JSONVALUE'
                 with
                 [
                     _Ty=wstring
                 ]
     1>C:\Users\ywu\Desktop\STVS\include\Json.h(266): warning C4251: 'JSONVALUE::m_stage' : class 'std::vector<_Ty>' needs to have dll-interface to be used by clients of class 'JSONVALUE'
                 with
                 [
                     _Ty=JSONSCOPES
                 ]
     1>..\..\src\serverproject\ArticleCluster.cpp(5): warning C4267: '=' : conversion from 'size_t' to 'int', possible loss of data
     1>..\..\src\serverproject\ArticleCluster.cpp(160): warning C4244: '=' : conversion from 'unsigned __int64' to 'double', possible loss of data
     1>..\..\src\serverproject\ArticleCluster.cpp(163): warning C4244: '=' : conversion from 'unsigned __int64' to 'double', possible loss of data
     1>..\..\src\serverproject\ArticleCluster.cpp(209): warning C4305: 'initializing' : truncation from 'double' to 'float'
     1>..\..\src\serverproject\ArticleCluster.cpp(210): warning C4305: 'initializing' : truncation from 'double' to 'float'
     1>..\..\src\serverproject\ArticleCluster.cpp(212): warning C4305: 'initializing' : truncation from 'double' to 'float'
     1>..\..\src\serverproject\ArticleCluster.cpp(228): warning C4244: '=' : conversion from 'double' to 'float', possible loss of data
     1>..\..\src\serverproject\ArticleCluster.cpp(244): warning C4244: '=' : conversion from 'double' to 'float', possible loss of data
     1>..\..\src\serverproject\ArticleCluster.cpp(291): warning C4244: 'argument' : conversion from 'double' to 'REAL', possible loss of data
         Article.cpp
     1>C:\Users\ywu\Desktop\STVS\include\Json.h(147): warning C4251: 'JSONVALUE::order' : class 'std::vector<_Ty>' needs to have dll-interface to be used by clients of class 'JSONVALUE'
                 with
                 [
                     _Ty=wstring
                 ]
     1>C:\Users\ywu\Desktop\STVS\include\Json.h(266): warning C4251: 'JSONVALUE::m_stage' : class 'std::vector<_Ty>' needs to have dll-interface to be used by clients of class 'JSONVALUE'
                 with
                 [
                     _Ty=JSONSCOPES
                 ]
         Generating Code...
       Link:
         C:\Program Files\Microsoft Visual Studio 11.0\VC\bin\x86_amd64\link.exe /ERRORREPORT:PROMPT /OUT:"C:\Users\ywu\Desktop\STVS\ServerProject\x64\Debug\ServerProject.exe" /INCREMENTAL /NOLOGO /LIBPATH:..\..\dll json.lib websocketserver.lib kernel32.lib user32.lib gdi32.lib winspool.lib comdlg32.lib advapi32.lib shell32.lib ole32.lib oleaut32.lib uuid.lib odbc32.lib odbccp32.lib /MANIFEST /MANIFESTUAC:"level='asInvoker' uiAccess='false'" /manifest:embed /DEBUG /PDB:"C:\Users\ywu\Desktop\STVS\ServerProject\x64\Debug\ServerProject.pdb" /SUBSYSTEM:CONSOLE /TLBID:1 /DYNAMICBASE /NXCOMPAT /IMPLIB:"C:\Users\ywu\Desktop\STVS\ServerProject\x64\Debug\ServerProject.lib" /MACHINE:X64 x64\Debug\Article.obj
         x64\Debug\ArticleCluster.obj
         x64\Debug\Delaunay.obj
         x64\Debug\Hungarian.obj
         x64\Debug\main.obj
         x64\Debug\ServerProcessing.obj
         x64\Debug\StoryTelling.obj
            Creating library C:\Users\ywu\Desktop\STVS\ServerProject\x64\Debug\ServerProject.lib and object C:\Users\ywu\Desktop\STVS\ServerProject\x64\Debug\ServerProject.exp
         ServerProject.vcxproj -> C:\Users\ywu\Desktop\STVS\ServerProject\x64\Debug\ServerProject.exe
     1>Done Building Project "C:\Users\ywu\Desktop\STVS\ServerProject\ServerProject\ServerProject.vcxproj" (Rebuild target(s)).

Build succeeded.

Time Elapsed 00:00:17.34
