Build started 9/26/2015 6:14:30 PM.
     1>Project "C:\Users\ywu\Desktop\STVS\ServerProject\ServerProject\ServerProject.vcxproj" on node 2 (Build target(s)).
     1>ClCompile:
         C:\Program Files\Microsoft Visual Studio 11.0\VC\bin\CL.exe /c /ZI /nologo /W3 /WX- /Od /Oy- /D WIN32 /D _DEBUG /D _CONSOLE /D _UNICODE /D UNICODE /Gm /EHsc /RTC1 /MDd /GS /fp:precise /Zc:wchar_t /Zc:forScope /Fo"Debug\\" /Fd"Debug\vc110.pdb" /Gd /TP /analyze- /errorReport:prompt ..\..\src\serverproject\Article.cpp ..\..\src\serverproject\ArticleCluster.cpp ..\..\src\serverproject\Delaunay.cpp ..\..\src\serverproject\Hungarian.cpp ..\..\src\serverproject\main.cpp ..\..\src\serverproject\ServerProcessing.cpp ..\..\src\serverproject\StoryTelling.cpp
         StoryTelling.cpp
     1>c:\users\ywu\desktop\stvs\src\serverproject\storytelling.h(2): fatal error C1083: Cannot open include file: 'websocketserver.h': No such file or directory
         ServerProcessing.cpp
     1>c:\users\ywu\desktop\stvs\src\serverproject\storytelling.h(2): fatal error C1083: Cannot open include file: 'websocketserver.h': No such file or directory
         main.cpp
     1>c:\users\ywu\desktop\stvs\src\serverproject\storytelling.h(2): fatal error C1083: Cannot open include file: 'websocketserver.h': No such file or directory
         Hungarian.cpp
     1>c:\users\ywu\desktop\stvs\src\serverproject\storytelling.h(2): fatal error C1083: Cannot open include file: 'websocketserver.h': No such file or directory
         Delaunay.cpp
         ArticleCluster.cpp
     1>c:\users\ywu\desktop\stvs\src\serverproject\article.h(3): fatal error C1083: Cannot open include file: 'Json.h': No such file or directory
         Article.cpp
     1>c:\users\ywu\desktop\stvs\src\serverproject\article.h(3): fatal error C1083: Cannot open include file: 'Json.h': No such file or directory
         Generating Code...
     1>Done Building Project "C:\Users\ywu\Desktop\STVS\ServerProject\ServerProject\ServerProject.vcxproj" (Build target(s)) -- FAILED.

Build FAILED.

Time Elapsed 00:00:01.88
