C:\USERS\XIAOKE\DROPBOX\RESEARCH\20131205 STORYTELLINGVISUALIZATION\PROGRAM\STORYTELLINGVISUALIZATIONSERVER\SERVERPROJECT\JSON\X64\RELEASE\JSON.OBJ
C:\USERS\XIAOKE\DROPBOX\RESEARCH\20131205 STORYTELLINGVISUALIZATION\PROGRAM\STORYTELLINGVISUALIZATIONSERVER\SERVERPROJECT\JSON\X64\RELEASE\VC110.PDB
C:\Users\xiaoke\Dropbox\research\20131205 StoryTellingVisualization\Program\StoryTellingVisualizationServer\dll\json.lib
C:\Users\xiaoke\Dropbox\research\20131205 StoryTellingVisualization\Program\StoryTellingVisualizationServer\dll\json.exp
C:\USERS\XIAOKE\DROPBOX\RESEARCH\20131205 STORYTELLINGVISUALIZATION\PROGRAM\STORYTELLINGVISUALIZATIONSERVER\DLL\JSON.DLL
C:\USERS\XIAOKE\DROPBOX\RESEARCH\20131205 STORYTELLINGVISUALIZATION\PROGRAM\STORYTELLINGVISUALIZATIONSERVER\DLL\JSON.PDB
C:\Users\xiaoke\Dropbox\research\20131205 StoryTellingVisualization\Program\StoryTellingVisualizationServer\ServerProject\json\x64\Release\Json.obj
C:\Users\xiaoke\Dropbox\research\20131205 StoryTellingVisualization\Program\StoryTellingVisualizationServer\ServerProject\json\x64\Release\cl.command.1.tlog
C:\Users\xiaoke\Dropbox\research\20131205 StoryTellingVisualization\Program\StoryTellingVisualizationServer\ServerProject\json\x64\Release\CL.read.1.tlog
C:\Users\xiaoke\Dropbox\research\20131205 StoryTellingVisualization\Program\StoryTellingVisualizationServer\ServerProject\json\x64\Release\CL.write.1.tlog
C:\Users\xiaoke\Dropbox\research\20131205 StoryTellingVisualization\Program\StoryTellingVisualizationServer\ServerProject\json\x64\Release\json.write.1.tlog
C:\Users\xiaoke\Dropbox\research\20131205 StoryTellingVisualization\Program\StoryTellingVisualizationServer\ServerProject\json\x64\Release\link-cvtres.read.1.tlog
C:\Users\xiaoke\Dropbox\research\20131205 StoryTellingVisualization\Program\StoryTellingVisualizationServer\ServerProject\json\x64\Release\link-cvtres.write.1.tlog
C:\Users\xiaoke\Dropbox\research\20131205 StoryTellingVisualization\Program\StoryTellingVisualizationServer\ServerProject\json\x64\Release\link-rc.read.1.tlog
C:\Users\xiaoke\Dropbox\research\20131205 StoryTellingVisualization\Program\StoryTellingVisualizationServer\ServerProject\json\x64\Release\link-rc.write.1.tlog
C:\Users\xiaoke\Dropbox\research\20131205 StoryTellingVisualization\Program\StoryTellingVisualizationServer\ServerProject\json\x64\Release\link.command.1.tlog
C:\Users\xiaoke\Dropbox\research\20131205 StoryTellingVisualization\Program\StoryTellingVisualizationServer\ServerProject\json\x64\Release\link.read.1.tlog
C:\Users\xiaoke\Dropbox\research\20131205 StoryTellingVisualization\Program\StoryTellingVisualizationServer\ServerProject\json\x64\Release\link.write.1.tlog
C:\Users\xiaoke\Dropbox\research\20131205 StoryTellingVisualization\Program\StoryTellingVisualizationServer\ServerProject\json\x64\Release\vc110.pdb
C:\Users\xiaoke\Dropbox\research\20131205 StoryTellingVisualization\Program\StoryTellingVisualizationServer\ServerProject\\..\dll\json.pdb
C:\Users\xiaoke\Dropbox\research\20131205 StoryTellingVisualization\Program\StoryTellingVisualizationServer\ServerProject\\..\dll\json.dll
